#
# A fatal error has been detected by the Java Runtime Environment:
#
#  Internal Error (classFileParser.cpp:3494), pid=87064, tid=85268
#  Error: ShouldNotReachHere()
#
# JRE version: 6.0_32-b05
# Java VM: Java HotSpot(TM) Client VM (20.7-b02 mixed mode windows-x86 )
# If you would like to submit a bug report, please visit:
#   http://java.sun.com/webapps/bugreport/crash.jsp
#

---------------  T H R E A D  ---------------

Current thread (0x02827000):  JavaThread "Unknown thread" [_thread_in_vm, id=85268, stack(0x00300000,0x00350000)]

Stack: [0x00300000,0x00350000],  sp=0x0034f86c,  free space=318k
Native frames: (J=compiled Java code, j=interpreted, Vv=VM code, C=native code)
V  [jvm.dll+0x13373a]
V  [jvm.dll+0x12e6db]
V  [jvm.dll+0x163ae]
V  [jvm.dll+0x17bdf]
V  [jvm.dll+0x26cc5]
V  [jvm.dll+0x27506]
V  [jvm.dll+0x278b5]
V  [jvm.dll+0x27949]
V  [jvm.dll+0x27a0c]
V  [jvm.dll+0x27a8a]
V  [jvm.dll+0x27b6d]
V  [jvm.dll+0x27e39]
V  [jvm.dll+0x6c483]
V  [jvm.dll+0x6c85c]
V  [jvm.dll+0xf9c5c]
V  [jvm.dll+0x11861b]
V  [jvm.dll+0x9ec20]
C  [javaw.exe+0x1657]
C  [javaw.exe+0x1e2c]
C  [javaw.exe+0x8614]
C  [kernel32.dll+0x1338a]  BaseThreadInitThunk+0x12
C  [ntdll.dll+0x39f72]  RtlInitializeExceptionChain+0x63
C  [ntdll.dll+0x39f45]  RtlInitializeExceptionChain+0x36


---------------  P R O C E S S  ---------------

Java Threads: ( => current thread )

Other Threads:

=>0x02827000 (exited) JavaThread "Unknown thread" [_thread_in_vm, id=85268, stack(0x00300000,0x00350000)]

VM state:not at safepoint (not fully initialized)

VM Mutex/Monitor currently owned by a thread: None

Dynamic libraries:
0x00400000 - 0x00425000 	C:\Program Files (x86)\Java\jdk1.6.0_32\bin\javaw.exe
0x77950000 - 0x77ad0000 	C:\Windows\SysWOW64\ntdll.dll
0x76f70000 - 0x77080000 	C:\Windows\syswow64\kernel32.dll
0x76d00000 - 0x76d47000 	C:\Windows\syswow64\KERNELBASE.dll
0x76950000 - 0x769f0000 	C:\Windows\syswow64\ADVAPI32.dll
0x772b0000 - 0x7735c000 	C:\Windows\syswow64\msvcrt.dll
0x773d0000 - 0x773e9000 	C:\Windows\SysWOW64\sechost.dll
0x75660000 - 0x75750000 	C:\Windows\syswow64\RPCRT4.dll
0x75350000 - 0x753b0000 	C:\Windows\syswow64\SspiCli.dll
0x75340000 - 0x7534c000 	C:\Windows\syswow64\CRYPTBASE.dll
0x75550000 - 0x75650000 	C:\Windows\syswow64\USER32.dll
0x76c60000 - 0x76cf0000 	C:\Windows\syswow64\GDI32.dll
0x76f40000 - 0x76f4a000 	C:\Windows\syswow64\LPK.dll
0x774b0000 - 0x7754d000 	C:\Windows\syswow64\USP10.dll
0x75490000 - 0x754f0000 	C:\Windows\system32\IMM32.DLL
0x753b0000 - 0x7547c000 	C:\Windows\syswow64\MSCTF.dll
0x73da0000 - 0x73dd2000 	C:\Windows\SysWOW64\nvinit.dll
0x0f000000 - 0x0f006000 	C:\Program Files (x86)\NVIDIA Corporation\CoProcManager\_etoured.dll
0x68090000 - 0x680cc000 	C:\Program Files (x86)\NVIDIA Corporation\CoProcManager\nvd3d9wrap.dll
0x770d0000 - 0x7726d000 	C:\Windows\syswow64\SETUPAPI.dll
0x77280000 - 0x772a7000 	C:\Windows\syswow64\CFGMGR32.dll
0x773f0000 - 0x7747f000 	C:\Windows\syswow64\OLEAUT32.dll
0x76a50000 - 0x76bac000 	C:\Windows\syswow64\ole32.dll
0x76c40000 - 0x76c52000 	C:\Windows\syswow64\DEVOBJ.dll
0x68050000 - 0x6808b000 	C:\Program Files (x86)\NVIDIA Corporation\CoProcManager\nvdxgiwrap.dll
0x7c340000 - 0x7c396000 	C:\Program Files (x86)\Java\jdk1.6.0_32\jre\bin\msvcr71.dll
0x6d8c0000 - 0x6db6f000 	C:\Program Files (x86)\Java\jdk1.6.0_32\jre\bin\client\jvm.dll
0x73bd0000 - 0x73c02000 	C:\Windows\system32\WINMM.dll
0x71f40000 - 0x71f8c000 	C:\Windows\system32\apphelp.dll
0x6d870000 - 0x6d87c000 	C:\Program Files (x86)\Java\jdk1.6.0_32\jre\bin\verify.dll
0x6d3d0000 - 0x6d3ef000 	C:\Program Files (x86)\Java\jdk1.6.0_32\jre\bin\java.dll
0x6d8b0000 - 0x6d8bf000 	C:\Program Files (x86)\Java\jdk1.6.0_32\jre\bin\zip.dll
0x75480000 - 0x75485000 	C:\Windows\system32\PSAPI.DLL

VM Arguments:
jvm_args: -Dfile.encoding=Cp1252 -Xbootclasspath:C:\Program Files (x86)\Android\android-sdk\platforms\android-17\android.jar 
java_command: edu.vuum.mocca.Main
Launcher Type: SUN_STANDARD

Environment Variables:
PATH=C:/Program Files (x86)/Java/jdk1.6.0_32/bin/../jre/bin/client;C:/Program Files (x86)/Java/jdk1.6.0_32/bin/../jre/bin;C:/Program Files (x86)/Java/jdk1.6.0_32/bin/../jre/lib/i386;C:\Program Files\Ruby200\bin;"C:\Program Files\Ruby193\bin";C:\Program Files\ActivePython2.7\;C:\Program Files\ActivePython2.7\Scripts;C:\Windows\system32;C:\Windows;C:\Windows\System32\Wbem;C:\Windows\System32\WindowsPowerShell\v1.0\;C:\Program Files\Intel\WiFi\bin\;C:\Program Files\Common Files\Intel\WirelessCommon\;C:\Program Files (x86)\Java\jre6\bin\;C:\Program Files (x86)\Java\jdk1.6.0_32\bin\;C:\Program Files (x86)\Calibre2\;C:\Program Files\SlikSvn\bin;C:\Program Files\TortoiseSVN\bin;C:\Program Files (x86)\Common Files\Teleca Shared;C:\Program Files (x86)\Windows Kits\8.1\Windows Performance Toolkit\;C:\Program Files\Microsoft SQL Server\110\Tools\Binn\;C:\Users\milenko\algs4\bin;C:\Users\milenko\algs4\java\bin;C:\Users\milenko\AppData\Roaming\Python\Scripts;C:\Program Files\Intel\WiFi\bin\;C:\Program Files\Common Files\Intel\WirelessCommon\;C:\Program Files (x86)\eclipse;
USERNAME=milenko
OS=Windows_NT
PROCESSOR_IDENTIFIER=Intel64 Family 6 Model 42 Stepping 7, GenuineIntel



---------------  S Y S T E M  ---------------

OS: Windows 7 , 64 bit Build 7601 Service Pack 1

CPU:total 8 (4 cores per cpu, 2 threads per core) family 6 model 42 stepping 7, cmov, cx8, fxsr, mmx, sse, sse2, sse3, ssse3, sse4.1, sse4.2, popcnt, ht

Memory: 4k page, physical 8280236k(2394324k free), swap 16558608k(10440768k free)

vm_info: Java HotSpot(TM) Client VM (20.7-b02) for windows-x86 JRE (1.6.0_32-b05), built on Apr  5 2012 13:50:34 by "java_re" with MS VC++ 7.1 (VS2003)

time: Mon Jun 23 16:58:07 2014
elapsed time: 0 seconds

